<?xml version="1.0" encoding="UTF-8"?>
<!-- Generated by org.testng.reporters.JUnitReportReporter -->
<testsuite skipped="0" hostname="DESKTOP-TF5IFJL" name="seleniumUseCase.TestCases.LoginPageTest" tests="1" failures="0" timestamp="29 Sep 2022 07:31:13 GMT" time="30.898" errors="0">
  <testcase name="loginpageTest" time="30.898" classname="seleniumUseCase.TestCases.LoginPageTest"/>
</testsuite> <!-- seleniumUseCase.TestCases.LoginPageTest -->
